-------------------------------------------------------------------------------
Test set: qa.auto.rest.tests.CrudTest
-------------------------------------------------------------------------------
Tests run: 2, Failures: 1, Errors: 0, Skipped: 0, Time elapsed: 1.343 s <<< FAILURE! - in qa.auto.rest.tests.CrudTest
qa.auto.rest.tests.CrudTest.getAllEmployee  Time elapsed: 0.825 s  <<< FAILURE!
java.lang.AssertionError
	at qa.auto.rest.tests.CrudTest.getAllEmployee(CrudTest.java:14)

