<?xml version="1.0" encoding="UTF-8"?>
<testsuite xmlns:xsi="http://www.w3.org/2001/XMLSchema-instance" xsi:noNamespaceSchemaLocation="https://maven.apache.org/surefire/maven-surefire-plugin/xsd/surefire-test-report-3.0.xsd" version="3.0" name="qa.auto.rest.tests.CrudTest" time="1.343" tests="2" errors="0" skipped="0" failures="1">
  <properties>
[...]
</properties>
  <testcase name="getAllEmployee" classname="qa.auto.rest.tests.CrudTest" time="0.825">
    <failure type="java.lang.AssertionError"><![CDATA[java.lang.AssertionError
	at qa.auto.rest.tests.CrudTest.getAllEmployee(CrudTest.java:14)
]]></failure>
  </testcase>
  <testcase name="getAllEmployee1" classname="qa.auto.rest.tests.CrudTest" time="0.005"/>
</testsuite>